<testsuite errors="0" failures="0" name="Django Project Tests" skips="0" tests="27" time="5.659"><testcase classname="blogengine.tests.PostTest" name="test_create_category" time="0.001842" /><testcase classname="blogengine.tests.PostTest" name="test_create_post" time="0.008931" /><testcase classname="blogengine.tests.PostTest" name="test_create_romanian_post" time="0.006811" /><testcase classname="blogengine.tests.PostTest" name="test_create_tag" time="0.001065" /><testcase classname="blogengine.tests.PostTest" name="test_duplicate_slug" time="0.013263" /><testcase classname="blogengine.tests.AdminTest" name="test_create_admin_post" time="0.264098" /><testcase classname="blogengine.tests.AdminTest" name="test_create_category" time="0.131788" /><testcase classname="blogengine.tests.AdminTest" name="test_create_tag" time="0.132843" /><testcase classname="blogengine.tests.AdminTest" name="test_delete_category" time="0.121823" /><testcase classname="blogengine.tests.AdminTest" name="test_delete_post" time="0.120507" /><testcase classname="blogengine.tests.AdminTest" name="test_delete_tag" time="0.111534" /><testcase classname="blogengine.tests.AdminTest" name="test_edit_category" time="0.123120" /><testcase classname="blogengine.tests.AdminTest" name="test_edit_post" time="0.133251" /><testcase classname="blogengine.tests.AdminTest" name="test_edit_tag" time="0.115909" /><testcase classname="blogengine.tests.AdminTest" name="test_login" time="0.123267" /><testcase classname="blogengine.tests.AdminTest" name="test_logout" time="0.121973" /><testcase classname="blogengine.tests.FeedTest" name="test_all_post_feed" time="0.019644" /><testcase classname="blogengine.tests.FlatPageViewTest" name="test_create_flatpage" time="0.017063" /><testcase classname="blogengine.tests.PostCreateViewTest" name="test_create_notvalid_post_form" time="0.201114" /><testcase classname="blogengine.tests.PostCreateViewTest" name="test_create_post_Auth" time="0.124675" /><testcase classname="blogengine.tests.PostCreateViewTest" name="test_create_post_nonAuth" time="0.004873" /><testcase classname="blogengine.tests.PostCreateViewTest" name="test_create_valid_post_form" time="0.142484" /><testcase classname="blogengine.tests.PostViewTest" name="test_category_page" time="0.028433" /><testcase classname="blogengine.tests.PostViewTest" name="test_index" time="0.016519" /><testcase classname="blogengine.tests.PostViewTest" name="test_post_page" time="0.015106" /><testcase classname="blogengine.tests.PostViewTest" name="test_tag_page" time="0.027546" /><testcase classname="blogengine.tests.SiteMapTest" name="test_sitemap" time="0.012401" /></testsuite>